2015-04-25 18:48:25,358 DEBUG repated visit http://www.sina.com.cn/ for 15 times without proxy
2015-04-25 18:48:25,359 DEBUG Start visiting web page http://www.sina.com.cn/ for 15 times...
2015-04-25 18:48:25,359 ERROR failed to parse configure file mini_configure [Errno 2] No such file or directory: 'mini_configure'
2015-04-25 18:48:25,359 ERROR failed to read configure file
2015-04-25 18:49:18,967 DEBUG repated visit http://www.sina.com.cn/ for 15 times without proxy
2015-04-25 18:49:18,967 DEBUG Start visiting web page http://www.sina.com.cn/ for 15 times...
2015-04-25 18:49:42,428 DEBUG repated visit http://www.sina.com.cn/ for 15 times without proxy
2015-04-25 18:49:42,428 DEBUG Start visiting web page http://www.sina.com.cn/ for 15 times...
2015-04-25 19:01:46,540 DEBUG repated visit http://www.sina.com.cn/ for 15 times without proxy
2015-04-25 19:01:46,540 DEBUG Start visiting web page http://www.sina.com.cn/ for 15 times...
2015-04-25 19:05:24,731 DEBUG repated visit http://www.sina.com.cn/ for 15 times with proxy
2015-04-25 19:05:24,731 DEBUG Start visiting web page http://www.sina.com.cn/ for 15 times...
2015-04-25 19:23:59,414 DEBUG repated visit http://www.sina.com.cn/ for 15 times without proxy
2015-04-25 19:23:59,415 DEBUG Start visiting web page http://www.sina.com.cn/ for 15 times...
2015-04-25 19:26:23,217 DEBUG repated visit http://www.sina.com.cn/ for 15 times without proxy
2015-04-25 19:26:23,217 DEBUG Start visiting web page http://www.sina.com.cn/ for 15 times...
2015-04-25 19:32:34,630 DEBUG repated visit http://www.sina.com.cn/ for 15 times without proxy
2015-04-25 19:32:34,630 DEBUG Start visiting web page http://www.sina.com.cn/ for 15 times...
2015-04-25 19:39:38,411 DEBUG create dependency graph for http://www.sina.com.cn with timeout 100
2015-04-25 19:39:53,827 DEBUG create dependency graph for http://www.sina.com.cn with timeout 100
2015-04-25 19:39:59,257 DEBUG create dependency graph for http://www.sina.com.cn with timeout 100
2015-04-25 19:40:24,137 DEBUG create dependency graph for http://www.sina.com.cn with timeout 100
2015-04-25 19:41:14,657 DEBUG create dependency graph for http://www.sina.com.cn with timeout 500
2015-04-25 19:42:06,466 DEBUG create dependency graph for http://www.sina.com.cn with timeout 500
2015-04-25 19:42:29,404 DEBUG create dependency graph for http://www.sina.com.cn with timeout 500
2015-04-25 19:42:29,413 DEBUG Start create ObjectDependecy traces for website:http://www.sina.com.cn with 12 items
2015-04-25 19:43:39,144 DEBUG create dependency graph for http://www.sina.com.cn with timeout 500
2015-04-25 19:43:39,145 DEBUG Start create ObjectDependecy traces for website:http://www.sina.com.cn with 12 items
2015-04-26 15:35:35,489 DEBUG repated visit http://www.sina.com.cn/ for 15 times without proxy
2015-04-26 15:35:35,490 DEBUG Start visiting web page http://www.sina.com.cn/ for 15 times...
2015-04-26 15:45:54,668 DEBUG repated visit http://www.sina.com.cn/ for 15 times without proxy
2015-04-26 15:45:54,669 DEBUG Start visiting web page http://www.sina.com.cn/ for 15 times...
2015-04-26 15:46:09,413 DEBUG   done browsing 0 time and store to file XO_0
2015-04-26 15:46:23,151 DEBUG   done browsing 1 time and store to file XO_1
2015-04-26 15:46:36,119 DEBUG   done browsing 2 time and store to file XO_2
2015-04-26 15:46:49,938 DEBUG   done browsing 3 time and store to file XO_3
2015-04-26 15:47:02,744 DEBUG   done browsing 4 time and store to file XO_4
2015-04-26 15:47:16,848 DEBUG   done browsing 5 time and store to file XO_5
2015-04-26 15:47:36,320 DEBUG   done browsing 6 time and store to file XO_6
2015-04-26 15:47:49,328 DEBUG   done browsing 7 time and store to file XO_7
2015-04-26 15:48:01,900 DEBUG   done browsing 8 time and store to file XO_8
2015-04-26 15:48:14,580 DEBUG   done browsing 9 time and store to file XO_9
2015-04-26 15:48:31,552 DEBUG   done browsing 10 time and store to file XO_10
2015-04-26 15:48:44,863 DEBUG   done browsing 11 time and store to file XO_11
2015-04-26 15:48:57,794 DEBUG   done browsing 12 time and store to file XO_12
2015-04-26 15:49:10,747 DEBUG   done browsing 13 time and store to file XO_13
2015-04-26 15:49:23,926 DEBUG   done browsing 14 time and store to file XO_14
2015-04-26 15:54:37,275 DEBUG repated visit http://www.sina.com.cn/ for 15 times with proxy
2015-04-26 15:54:37,276 DEBUG Start visiting web page http://www.sina.com.cn/ for 15 times...
2015-04-26 15:54:40,269 DEBUG   start running mitmproxy
2015-04-26 15:54:40,269 DEBUG prepare to run mitmproxy mitmproxy -s ""./proxy-script.py http://www.sina.com.cn/ none ./logs XO_0 10""
2015-04-26 15:54:43,278 ERROR failed to run mitmproxy 1
2015-04-26 15:54:43,279 DEBUG   start browsing 0 time and store to file XO_0
2015-04-26 15:55:06,588 DEBUG   done browsing 0 time and store to file XO_0
2015-04-26 15:55:06,608 ERROR error HTTPConnectionPool(host='localhost', port=8080): Max retries exceeded with url: http://localhost/commands/exit (Caused by ProxyError('Cannot connect to proxy.', error(61, 'Connection refused')))
2015-04-26 15:55:06,608 DEBUG   done terminating mitmproxy
2015-04-26 15:55:08,613 DEBUG   start running mitmproxy
2015-04-26 15:55:08,613 DEBUG prepare to run mitmproxy mitmproxy -s ""./proxy-script.py http://www.sina.com.cn/ none ./logs XO_1 10""
2015-04-26 15:55:11,622 ERROR failed to run mitmproxy 1
2015-04-26 15:55:11,623 DEBUG   start browsing 1 time and store to file XO_1
2015-04-26 15:55:23,489 DEBUG   done browsing 1 time and store to file XO_1
2015-04-26 15:55:23,494 ERROR error HTTPConnectionPool(host='localhost', port=8080): Max retries exceeded with url: http://localhost/commands/exit (Caused by ProxyError('Cannot connect to proxy.', error(61, 'Connection refused')))
2015-04-26 15:55:23,494 DEBUG   done terminating mitmproxy
2015-04-26 15:55:25,495 DEBUG   start running mitmproxy
2015-04-26 15:55:25,496 DEBUG prepare to run mitmproxy mitmproxy -s ""./proxy-script.py http://www.sina.com.cn/ none ./logs XO_2 10""
2015-04-26 15:55:28,505 ERROR failed to run mitmproxy 1
2015-04-26 15:55:28,506 DEBUG   start browsing 2 time and store to file XO_2
2015-04-26 15:55:39,828 DEBUG   done browsing 2 time and store to file XO_2
2015-04-26 15:55:39,832 ERROR error HTTPConnectionPool(host='localhost', port=8080): Max retries exceeded with url: http://localhost/commands/exit (Caused by ProxyError('Cannot connect to proxy.', error(61, 'Connection refused')))
2015-04-26 15:55:39,833 DEBUG   done terminating mitmproxy
2015-04-26 15:55:41,835 DEBUG   start running mitmproxy
2015-04-26 15:55:41,836 DEBUG prepare to run mitmproxy mitmproxy -s ""./proxy-script.py http://www.sina.com.cn/ none ./logs XO_3 10""
2015-04-26 15:55:44,841 ERROR failed to run mitmproxy 1
2015-04-26 15:55:44,841 DEBUG   start browsing 3 time and store to file XO_3
2015-04-26 15:55:55,996 DEBUG   done browsing 3 time and store to file XO_3
2015-04-26 15:55:56,000 ERROR error HTTPConnectionPool(host='localhost', port=8080): Max retries exceeded with url: http://localhost/commands/exit (Caused by ProxyError('Cannot connect to proxy.', error(61, 'Connection refused')))
2015-04-26 15:55:56,000 DEBUG   done terminating mitmproxy
2015-04-26 15:55:58,004 DEBUG   start running mitmproxy
2015-04-26 15:55:58,005 DEBUG prepare to run mitmproxy mitmproxy -s ""./proxy-script.py http://www.sina.com.cn/ none ./logs XO_4 10""
2015-04-26 15:56:01,010 ERROR failed to run mitmproxy 1
2015-04-26 15:56:01,010 DEBUG   start browsing 4 time and store to file XO_4
2015-04-26 15:56:11,963 DEBUG   done browsing 4 time and store to file XO_4
2015-04-26 15:56:11,968 ERROR error HTTPConnectionPool(host='localhost', port=8080): Max retries exceeded with url: http://localhost/commands/exit (Caused by ProxyError('Cannot connect to proxy.', error(61, 'Connection refused')))
2015-04-26 15:56:11,968 DEBUG   done terminating mitmproxy
2015-04-26 15:56:13,972 DEBUG   start running mitmproxy
2015-04-26 15:56:13,973 DEBUG prepare to run mitmproxy mitmproxy -s ""./proxy-script.py http://www.sina.com.cn/ none ./logs XO_5 10""
2015-04-26 15:56:16,982 ERROR failed to run mitmproxy 1
2015-04-26 15:56:16,983 DEBUG   start browsing 5 time and store to file XO_5
2015-04-26 15:56:28,277 DEBUG   done browsing 5 time and store to file XO_5
2015-04-26 15:56:28,281 ERROR error HTTPConnectionPool(host='localhost', port=8080): Max retries exceeded with url: http://localhost/commands/exit (Caused by ProxyError('Cannot connect to proxy.', error(61, 'Connection refused')))
2015-04-26 15:56:28,282 DEBUG   done terminating mitmproxy
2015-04-26 15:56:30,286 DEBUG   start running mitmproxy
2015-04-26 15:56:30,286 DEBUG prepare to run mitmproxy mitmproxy -s ""./proxy-script.py http://www.sina.com.cn/ none ./logs XO_6 10""
2015-04-26 15:56:33,294 ERROR failed to run mitmproxy 1
2015-04-26 15:56:33,295 DEBUG   start browsing 6 time and store to file XO_6
2015-04-26 15:56:53,412 DEBUG   done browsing 6 time and store to file XO_6
2015-04-26 15:56:53,415 ERROR error HTTPConnectionPool(host='localhost', port=8080): Max retries exceeded with url: http://localhost/commands/exit (Caused by ProxyError('Cannot connect to proxy.', error(61, 'Connection refused')))
2015-04-26 15:56:53,415 DEBUG   done terminating mitmproxy
2015-04-26 15:56:55,420 DEBUG   start running mitmproxy
2015-04-26 15:56:55,421 DEBUG prepare to run mitmproxy mitmproxy -s ""./proxy-script.py http://www.sina.com.cn/ none ./logs XO_7 10""
2015-04-26 15:56:58,428 ERROR failed to run mitmproxy 1
2015-04-26 15:56:58,428 DEBUG   start browsing 7 time and store to file XO_7
2015-04-26 15:57:12,783 DEBUG   done browsing 7 time and store to file XO_7
2015-04-26 15:57:12,787 ERROR error HTTPConnectionPool(host='localhost', port=8080): Max retries exceeded with url: http://localhost/commands/exit (Caused by ProxyError('Cannot connect to proxy.', error(61, 'Connection refused')))
2015-04-26 15:57:12,787 DEBUG   done terminating mitmproxy
2015-04-26 15:57:14,792 DEBUG   start running mitmproxy
2015-04-26 15:57:14,792 DEBUG prepare to run mitmproxy mitmproxy -s ""./proxy-script.py http://www.sina.com.cn/ none ./logs XO_8 10""
2015-04-26 15:57:17,802 ERROR failed to run mitmproxy 1
2015-04-26 15:57:17,803 DEBUG   start browsing 8 time and store to file XO_8
2015-04-26 15:57:26,901 DEBUG   done browsing 8 time and store to file XO_8
2015-04-26 15:57:26,905 ERROR error HTTPConnectionPool(host='localhost', port=8080): Max retries exceeded with url: http://localhost/commands/exit (Caused by ProxyError('Cannot connect to proxy.', error(61, 'Connection refused')))
2015-04-26 15:57:26,905 DEBUG   done terminating mitmproxy
2015-04-26 15:57:28,911 DEBUG   start running mitmproxy
2015-04-26 15:57:28,911 DEBUG prepare to run mitmproxy mitmproxy -s ""./proxy-script.py http://www.sina.com.cn/ none ./logs XO_9 10""
2015-04-26 15:57:31,920 ERROR failed to run mitmproxy 1
2015-04-26 15:57:31,921 DEBUG   start browsing 9 time and store to file XO_9
2015-04-26 15:57:44,043 DEBUG   done browsing 9 time and store to file XO_9
2015-04-26 15:57:44,049 ERROR error HTTPConnectionPool(host='localhost', port=8080): Max retries exceeded with url: http://localhost/commands/exit (Caused by ProxyError('Cannot connect to proxy.', error(61, 'Connection refused')))
2015-04-26 15:57:44,049 DEBUG   done terminating mitmproxy
2015-04-26 15:57:46,051 DEBUG   start running mitmproxy
2015-04-26 15:57:46,051 DEBUG prepare to run mitmproxy mitmproxy -s ""./proxy-script.py http://www.sina.com.cn/ none ./logs XO_10 10""
2015-04-26 15:57:49,061 ERROR failed to run mitmproxy 1
2015-04-26 15:57:49,062 DEBUG   start browsing 10 time and store to file XO_10
2015-04-26 15:58:00,832 DEBUG   done browsing 10 time and store to file XO_10
2015-04-26 15:58:00,840 ERROR error HTTPConnectionPool(host='localhost', port=8080): Max retries exceeded with url: http://localhost/commands/exit (Caused by ProxyError('Cannot connect to proxy.', error(61, 'Connection refused')))
2015-04-26 15:58:00,840 DEBUG   done terminating mitmproxy
2015-04-26 15:58:02,845 DEBUG   start running mitmproxy
2015-04-26 15:58:02,846 DEBUG prepare to run mitmproxy mitmproxy -s ""./proxy-script.py http://www.sina.com.cn/ none ./logs XO_11 10""
2015-04-26 15:58:05,854 ERROR failed to run mitmproxy 1
2015-04-26 15:58:05,854 DEBUG   start browsing 11 time and store to file XO_11
2015-04-26 15:58:18,413 DEBUG   done browsing 11 time and store to file XO_11
2015-04-26 15:58:18,419 ERROR error HTTPConnectionPool(host='localhost', port=8080): Max retries exceeded with url: http://localhost/commands/exit (Caused by ProxyError('Cannot connect to proxy.', error(61, 'Connection refused')))
2015-04-26 15:58:18,420 DEBUG   done terminating mitmproxy
2015-04-26 15:58:20,421 DEBUG   start running mitmproxy
2015-04-26 15:58:20,421 DEBUG prepare to run mitmproxy mitmproxy -s ""./proxy-script.py http://www.sina.com.cn/ none ./logs XO_12 10""
2015-04-26 15:58:23,432 ERROR failed to run mitmproxy 1
2015-04-26 15:58:23,433 DEBUG   start browsing 12 time and store to file XO_12
2015-04-26 15:58:34,970 DEBUG   done browsing 12 time and store to file XO_12
2015-04-26 15:58:34,975 ERROR error HTTPConnectionPool(host='localhost', port=8080): Max retries exceeded with url: http://localhost/commands/exit (Caused by ProxyError('Cannot connect to proxy.', error(61, 'Connection refused')))
2015-04-26 15:58:34,976 DEBUG   done terminating mitmproxy
2015-04-26 15:58:36,981 DEBUG   start running mitmproxy
2015-04-26 15:58:36,981 DEBUG prepare to run mitmproxy mitmproxy -s ""./proxy-script.py http://www.sina.com.cn/ none ./logs XO_13 10""
2015-04-26 15:58:39,990 ERROR failed to run mitmproxy 1
2015-04-26 15:58:39,991 DEBUG   start browsing 13 time and store to file XO_13
2015-04-26 15:58:51,971 DEBUG   done browsing 13 time and store to file XO_13
2015-04-26 15:58:51,976 ERROR error HTTPConnectionPool(host='localhost', port=8080): Max retries exceeded with url: http://localhost/commands/exit (Caused by ProxyError('Cannot connect to proxy.', error(61, 'Connection refused')))
2015-04-26 15:58:51,976 DEBUG   done terminating mitmproxy
2015-04-26 15:58:53,977 DEBUG   start running mitmproxy
2015-04-26 15:58:53,978 DEBUG prepare to run mitmproxy mitmproxy -s ""./proxy-script.py http://www.sina.com.cn/ none ./logs XO_14 10""
2015-04-26 15:58:56,987 ERROR failed to run mitmproxy 1
2015-04-26 15:58:56,988 DEBUG   start browsing 14 time and store to file XO_14
2015-04-26 15:59:08,626 DEBUG   done browsing 14 time and store to file XO_14
2015-04-26 15:59:08,631 ERROR error HTTPConnectionPool(host='localhost', port=8080): Max retries exceeded with url: http://localhost/commands/exit (Caused by ProxyError('Cannot connect to proxy.', error(61, 'Connection refused')))
2015-04-26 15:59:08,632 DEBUG   done terminating mitmproxy
2015-04-26 16:16:35,699 DEBUG repated visit http://www.cnn.cn/ for 15 times with proxy
2015-04-26 16:16:35,700 DEBUG Start visiting web page http://www.cnn.cn/ for 15 times...
2015-04-26 16:16:38,626 DEBUG   start running mitmproxy
2015-04-26 16:16:38,627 DEBUG prepare to run mitmproxy mitmproxy -s ""./proxy-script.py http://www.cnn.cn/ none ./logs XO_0 10""
2015-04-26 16:16:41,635 ERROR failed to run mitmproxy 1
2015-04-26 16:16:41,636 DEBUG   start browsing 0 time and store to file XO_0
2015-04-26 16:16:44,433 DEBUG   done browsing 0 time and store to file XO_0
2015-04-26 16:16:44,450 ERROR error HTTPConnectionPool(host='localhost', port=8080): Max retries exceeded with url: http://localhost/commands/exit (Caused by ProxyError('Cannot connect to proxy.', error(61, 'Connection refused')))
2015-04-26 16:16:44,451 DEBUG   done terminating mitmproxy
2015-04-26 16:16:46,454 DEBUG   start running mitmproxy
2015-04-26 16:16:46,455 DEBUG prepare to run mitmproxy mitmproxy -s ""./proxy-script.py http://www.cnn.cn/ none ./logs XO_1 10""
2015-04-26 16:16:49,459 ERROR failed to run mitmproxy 1
2015-04-26 16:16:49,460 DEBUG   start browsing 1 time and store to file XO_1
2015-04-26 16:16:52,101 DEBUG   done browsing 1 time and store to file XO_1
2015-04-26 16:16:52,105 ERROR error HTTPConnectionPool(host='localhost', port=8080): Max retries exceeded with url: http://localhost/commands/exit (Caused by ProxyError('Cannot connect to proxy.', error(61, 'Connection refused')))
2015-04-26 16:16:52,105 DEBUG   done terminating mitmproxy
2015-04-26 16:16:54,110 DEBUG   start running mitmproxy
2015-04-26 16:16:54,111 DEBUG prepare to run mitmproxy mitmproxy -s ""./proxy-script.py http://www.cnn.cn/ none ./logs XO_2 10""
2015-04-26 16:16:57,120 ERROR failed to run mitmproxy 1
2015-04-26 16:16:57,121 DEBUG   start browsing 2 time and store to file XO_2
2015-04-26 16:16:59,624 DEBUG   done browsing 2 time and store to file XO_2
2015-04-26 16:16:59,627 ERROR error HTTPConnectionPool(host='localhost', port=8080): Max retries exceeded with url: http://localhost/commands/exit (Caused by ProxyError('Cannot connect to proxy.', error(61, 'Connection refused')))
2015-04-26 16:16:59,628 DEBUG   done terminating mitmproxy
2015-04-26 16:17:01,629 DEBUG   start running mitmproxy
2015-04-26 16:17:01,630 DEBUG prepare to run mitmproxy mitmproxy -s ""./proxy-script.py http://www.cnn.cn/ none ./logs XO_3 10""
2015-04-26 16:17:04,638 ERROR failed to run mitmproxy 1
2015-04-26 16:17:04,639 DEBUG   start browsing 3 time and store to file XO_3
2015-04-26 16:17:07,279 DEBUG   done browsing 3 time and store to file XO_3
2015-04-26 16:17:07,283 ERROR error HTTPConnectionPool(host='localhost', port=8080): Max retries exceeded with url: http://localhost/commands/exit (Caused by ProxyError('Cannot connect to proxy.', error(61, 'Connection refused')))
2015-04-26 16:17:07,283 DEBUG   done terminating mitmproxy
2015-04-26 16:17:09,283 DEBUG   start running mitmproxy
2015-04-26 16:17:09,284 DEBUG prepare to run mitmproxy mitmproxy -s ""./proxy-script.py http://www.cnn.cn/ none ./logs XO_4 10""
2015-04-26 16:17:12,294 ERROR failed to run mitmproxy 1
2015-04-26 16:17:12,294 DEBUG   start browsing 4 time and store to file XO_4
2015-04-26 16:17:14,669 DEBUG   done browsing 4 time and store to file XO_4
2015-04-26 16:17:14,673 ERROR error HTTPConnectionPool(host='localhost', port=8080): Max retries exceeded with url: http://localhost/commands/exit (Caused by ProxyError('Cannot connect to proxy.', error(61, 'Connection refused')))
2015-04-26 16:17:14,674 DEBUG   done terminating mitmproxy
2015-04-26 16:23:09,210 DEBUG repated visit http://www.cnn.cn/ for 15 times with proxy
2015-04-26 16:23:09,210 DEBUG Start visiting web page http://www.cnn.cn/ for 15 times...
2015-04-26 16:23:12,075 DEBUG   start running mitmproxy
2015-04-26 16:23:12,075 DEBUG prepare to run mitmproxy mitmproxy -s ""./proxy-script.py http://www.cnn.cn/ none ./logs XO_0 10""
2015-04-26 16:23:15,078 DEBUG successfully run mitmproxy with pid 13257 
2015-04-26 16:23:15,079 DEBUG   start browsing 0 time and store to file XO_0
2015-04-26 16:23:17,913 DEBUG   done browsing 0 time and store to file XO_0
2015-04-26 16:23:19,972 DEBUG   done terminating mitmproxy
2015-04-26 16:23:21,978 DEBUG   start running mitmproxy
2015-04-26 16:23:21,978 DEBUG prepare to run mitmproxy mitmproxy -s ""./proxy-script.py http://www.cnn.cn/ none ./logs XO_1 10""
2015-04-26 16:23:24,987 DEBUG successfully run mitmproxy with pid 13262 
2015-04-26 16:23:24,987 DEBUG   start browsing 1 time and store to file XO_1
2015-04-26 16:23:27,579 DEBUG   done browsing 1 time and store to file XO_1
2015-04-26 16:23:29,608 DEBUG   done terminating mitmproxy
2015-04-26 16:23:31,613 DEBUG   start running mitmproxy
2015-04-26 16:23:31,614 DEBUG prepare to run mitmproxy mitmproxy -s ""./proxy-script.py http://www.cnn.cn/ none ./logs XO_2 10""
2015-04-26 16:23:34,623 DEBUG successfully run mitmproxy with pid 13267 
2015-04-26 16:23:34,624 DEBUG   start browsing 2 time and store to file XO_2
2015-04-26 16:23:37,175 DEBUG   done browsing 2 time and store to file XO_2
2015-04-26 16:23:39,202 DEBUG   done terminating mitmproxy
2015-04-26 16:23:41,207 DEBUG   start running mitmproxy
2015-04-26 16:23:41,208 DEBUG prepare to run mitmproxy mitmproxy -s ""./proxy-script.py http://www.cnn.cn/ none ./logs XO_3 10""
2015-04-26 16:23:44,216 DEBUG successfully run mitmproxy with pid 13272 
2015-04-26 16:23:44,217 DEBUG   start browsing 3 time and store to file XO_3
2015-04-26 16:23:46,679 DEBUG   done browsing 3 time and store to file XO_3
2015-04-26 16:23:48,703 DEBUG   done terminating mitmproxy
2015-04-26 16:23:50,703 DEBUG   start running mitmproxy
2015-04-26 16:23:50,703 DEBUG prepare to run mitmproxy mitmproxy -s ""./proxy-script.py http://www.cnn.cn/ none ./logs XO_4 10""
2015-04-26 16:23:53,711 DEBUG successfully run mitmproxy with pid 13277 
2015-04-26 16:23:53,712 DEBUG   start browsing 4 time and store to file XO_4
2015-04-26 16:23:56,276 DEBUG   done browsing 4 time and store to file XO_4
2015-04-26 16:23:58,317 DEBUG   done terminating mitmproxy
2015-04-26 16:24:00,322 DEBUG   start running mitmproxy
2015-04-26 16:24:00,323 DEBUG prepare to run mitmproxy mitmproxy -s ""./proxy-script.py http://www.cnn.cn/ none ./logs XO_5 10""
2015-04-26 16:24:03,327 DEBUG successfully run mitmproxy with pid 13282 
2015-04-26 16:24:03,328 DEBUG   start browsing 5 time and store to file XO_5
2015-04-26 16:24:05,912 DEBUG   done browsing 5 time and store to file XO_5
2015-04-26 16:24:07,938 DEBUG   done terminating mitmproxy
2015-04-26 16:24:09,943 DEBUG   start running mitmproxy
2015-04-26 16:24:09,945 DEBUG prepare to run mitmproxy mitmproxy -s ""./proxy-script.py http://www.cnn.cn/ none ./logs XO_6 10""
2015-04-26 16:24:12,952 DEBUG successfully run mitmproxy with pid 13287 
2015-04-26 16:24:12,952 DEBUG   start browsing 6 time and store to file XO_6
2015-04-26 16:24:15,526 DEBUG   done browsing 6 time and store to file XO_6
2015-04-26 16:24:17,553 DEBUG   done terminating mitmproxy
2015-04-26 16:24:19,555 DEBUG   start running mitmproxy
2015-04-26 16:24:19,555 DEBUG prepare to run mitmproxy mitmproxy -s ""./proxy-script.py http://www.cnn.cn/ none ./logs XO_7 10""
2015-04-26 16:24:22,560 DEBUG successfully run mitmproxy with pid 13292 
2015-04-26 16:24:22,560 DEBUG   start browsing 7 time and store to file XO_7
2015-04-26 16:24:25,103 DEBUG   done browsing 7 time and store to file XO_7
2015-04-26 16:24:27,141 DEBUG   done terminating mitmproxy
2015-04-26 16:24:29,146 DEBUG   start running mitmproxy
2015-04-26 16:24:29,146 DEBUG prepare to run mitmproxy mitmproxy -s ""./proxy-script.py http://www.cnn.cn/ none ./logs XO_8 10""
2015-04-26 16:24:32,156 DEBUG successfully run mitmproxy with pid 13295 
2015-04-26 16:24:32,156 DEBUG   start browsing 8 time and store to file XO_8
2015-04-26 16:24:34,749 DEBUG   done browsing 8 time and store to file XO_8
2015-04-26 16:24:36,781 DEBUG   done terminating mitmproxy
2015-04-26 16:24:38,785 DEBUG   start running mitmproxy
2015-04-26 16:24:38,786 DEBUG prepare to run mitmproxy mitmproxy -s ""./proxy-script.py http://www.cnn.cn/ none ./logs XO_9 10""
2015-04-26 16:24:41,795 DEBUG successfully run mitmproxy with pid 13300 
2015-04-26 16:24:41,796 DEBUG   start browsing 9 time and store to file XO_9
2015-04-26 16:24:44,346 DEBUG   done browsing 9 time and store to file XO_9
2015-04-26 16:24:46,371 DEBUG   done terminating mitmproxy
2015-04-26 16:24:48,377 DEBUG   start running mitmproxy
2015-04-26 16:24:48,377 DEBUG prepare to run mitmproxy mitmproxy -s ""./proxy-script.py http://www.cnn.cn/ none ./logs XO_10 10""
2015-04-26 16:24:51,385 DEBUG successfully run mitmproxy with pid 13305 
2015-04-26 16:24:51,386 DEBUG   start browsing 10 time and store to file XO_10
2015-04-26 16:24:54,014 DEBUG   done browsing 10 time and store to file XO_10
2015-04-26 16:24:56,049 DEBUG   done terminating mitmproxy
2015-04-26 16:24:58,055 DEBUG   start running mitmproxy
2015-04-26 16:24:58,055 DEBUG prepare to run mitmproxy mitmproxy -s ""./proxy-script.py http://www.cnn.cn/ none ./logs XO_11 10""
2015-04-26 16:25:01,065 DEBUG successfully run mitmproxy with pid 13309 
2015-04-26 16:25:01,065 DEBUG   start browsing 11 time and store to file XO_11
2015-04-26 16:25:03,527 DEBUG   done browsing 11 time and store to file XO_11
2015-04-26 16:25:05,592 DEBUG   done terminating mitmproxy
2015-04-26 16:25:07,594 DEBUG   start running mitmproxy
2015-04-26 16:25:07,595 DEBUG prepare to run mitmproxy mitmproxy -s ""./proxy-script.py http://www.cnn.cn/ none ./logs XO_12 10""
2015-04-26 16:25:10,599 DEBUG successfully run mitmproxy with pid 13314 
2015-04-26 16:25:10,600 DEBUG   start browsing 12 time and store to file XO_12
2015-04-26 16:25:13,073 DEBUG   done browsing 12 time and store to file XO_12
2015-04-26 16:25:15,124 DEBUG   done terminating mitmproxy
2015-04-26 16:25:17,124 DEBUG   start running mitmproxy
2015-04-26 16:25:17,125 DEBUG prepare to run mitmproxy mitmproxy -s ""./proxy-script.py http://www.cnn.cn/ none ./logs XO_13 10""
2015-04-26 16:25:20,131 DEBUG successfully run mitmproxy with pid 13319 
2015-04-26 16:25:20,132 DEBUG   start browsing 13 time and store to file XO_13
2015-04-26 16:25:22,833 DEBUG   done browsing 13 time and store to file XO_13
2015-04-26 16:25:24,868 DEBUG   done terminating mitmproxy
2015-04-26 16:25:26,873 DEBUG   start running mitmproxy
2015-04-26 16:25:26,874 DEBUG prepare to run mitmproxy mitmproxy -s ""./proxy-script.py http://www.cnn.cn/ none ./logs XO_14 10""
2015-04-26 16:25:29,883 DEBUG successfully run mitmproxy with pid 13324 
2015-04-26 16:25:29,884 DEBUG   start browsing 14 time and store to file XO_14
2015-04-26 16:25:32,564 DEBUG   done browsing 14 time and store to file XO_14
2015-04-26 16:25:34,603 DEBUG   done terminating mitmproxy
2015-04-26 16:35:19,023 DEBUG repated visit http://www.wsj.com/ for 15 times with proxy
2015-04-26 16:35:19,024 DEBUG Start visiting web page http://www.wsj.com/ for 15 times...
2015-04-26 16:35:21,908 DEBUG   start running mitmproxy
2015-04-26 16:35:21,908 DEBUG prepare to run mitmproxy mitmproxy -s ""./proxy-script.py http://www.wsj.com/ none ./logs XO_0 10""
2015-04-26 16:35:24,916 DEBUG successfully run mitmproxy with pid 13539 
2015-04-26 16:35:24,917 DEBUG   start browsing 0 time and store to file XO_0
2015-04-26 16:35:30,283 DEBUG   done browsing 0 time and store to file XO_0
2015-04-26 16:35:32,358 DEBUG   done terminating mitmproxy
2015-04-26 16:35:34,363 DEBUG   start running mitmproxy
2015-04-26 16:35:34,364 DEBUG prepare to run mitmproxy mitmproxy -s ""./proxy-script.py http://www.wsj.com/ none ./logs XO_1 10""
2015-04-26 16:35:37,371 DEBUG successfully run mitmproxy with pid 13544 
2015-04-26 16:35:37,371 DEBUG   start browsing 1 time and store to file XO_1
2015-04-26 16:35:42,371 DEBUG   done browsing 1 time and store to file XO_1
2015-04-26 16:35:44,429 DEBUG   done terminating mitmproxy
2015-04-26 16:35:46,435 DEBUG   start running mitmproxy
2015-04-26 16:35:46,435 DEBUG prepare to run mitmproxy mitmproxy -s ""./proxy-script.py http://www.wsj.com/ none ./logs XO_2 10""
2015-04-26 16:35:49,445 DEBUG successfully run mitmproxy with pid 13549 
2015-04-26 16:35:49,445 DEBUG   start browsing 2 time and store to file XO_2
2015-04-26 16:35:54,999 DEBUG   done browsing 2 time and store to file XO_2
2015-04-26 16:35:57,026 DEBUG   done terminating mitmproxy
2015-04-26 16:35:59,031 DEBUG   start running mitmproxy
2015-04-26 16:35:59,031 DEBUG prepare to run mitmproxy mitmproxy -s ""./proxy-script.py http://www.wsj.com/ none ./logs XO_3 10""
2015-04-26 16:36:02,041 DEBUG successfully run mitmproxy with pid 13557 
2015-04-26 16:36:02,041 DEBUG   start browsing 3 time and store to file XO_3
2015-04-26 16:36:06,982 DEBUG   done browsing 3 time and store to file XO_3
2015-04-26 16:36:09,046 DEBUG   done terminating mitmproxy
2015-04-26 16:36:11,048 DEBUG   start running mitmproxy
2015-04-26 16:36:11,050 DEBUG prepare to run mitmproxy mitmproxy -s ""./proxy-script.py http://www.wsj.com/ none ./logs XO_4 10""
2015-04-26 16:36:14,059 DEBUG successfully run mitmproxy with pid 13564 
2015-04-26 16:36:14,059 DEBUG   start browsing 4 time and store to file XO_4
2015-04-26 16:36:19,111 DEBUG   done browsing 4 time and store to file XO_4
2015-04-26 16:36:21,169 DEBUG   done terminating mitmproxy
2015-04-26 16:36:23,171 DEBUG   start running mitmproxy
2015-04-26 16:36:23,171 DEBUG prepare to run mitmproxy mitmproxy -s ""./proxy-script.py http://www.wsj.com/ none ./logs XO_5 10""
2015-04-26 16:36:26,176 DEBUG successfully run mitmproxy with pid 13569 
2015-04-26 16:36:26,177 DEBUG   start browsing 5 time and store to file XO_5
2015-04-26 16:36:31,260 DEBUG   done browsing 5 time and store to file XO_5
2015-04-26 16:36:33,290 DEBUG   done terminating mitmproxy
2015-04-26 16:36:35,292 DEBUG   start running mitmproxy
2015-04-26 16:36:35,293 DEBUG prepare to run mitmproxy mitmproxy -s ""./proxy-script.py http://www.wsj.com/ none ./logs XO_6 10""
2015-04-26 16:36:38,298 DEBUG successfully run mitmproxy with pid 13574 
2015-04-26 16:36:38,298 DEBUG   start browsing 6 time and store to file XO_6
2015-04-26 16:36:43,170 DEBUG   done browsing 6 time and store to file XO_6
2015-04-26 16:36:45,205 DEBUG   done terminating mitmproxy
2015-04-26 16:36:47,211 DEBUG   start running mitmproxy
2015-04-26 16:36:47,211 DEBUG prepare to run mitmproxy mitmproxy -s ""./proxy-script.py http://www.wsj.com/ none ./logs XO_7 10""
2015-04-26 16:36:50,221 DEBUG successfully run mitmproxy with pid 13579 
2015-04-26 16:36:50,221 DEBUG   start browsing 7 time and store to file XO_7
2015-04-26 16:36:55,093 DEBUG   done browsing 7 time and store to file XO_7
2015-04-26 16:36:57,117 DEBUG   done terminating mitmproxy
2015-04-26 16:36:59,121 DEBUG   start running mitmproxy
2015-04-26 16:36:59,121 DEBUG prepare to run mitmproxy mitmproxy -s ""./proxy-script.py http://www.wsj.com/ none ./logs XO_8 10""
2015-04-26 16:37:02,129 DEBUG successfully run mitmproxy with pid 13585 
2015-04-26 16:37:02,130 DEBUG   start browsing 8 time and store to file XO_8
2015-04-26 16:37:07,062 DEBUG   done browsing 8 time and store to file XO_8
2015-04-26 16:37:09,089 DEBUG   done terminating mitmproxy
2015-04-26 16:37:11,094 DEBUG   start running mitmproxy
2015-04-26 16:37:11,095 DEBUG prepare to run mitmproxy mitmproxy -s ""./proxy-script.py http://www.wsj.com/ none ./logs XO_9 10""
2015-04-26 16:37:14,100 DEBUG successfully run mitmproxy with pid 13592 
2015-04-26 16:37:14,101 DEBUG   start browsing 9 time and store to file XO_9
2015-04-26 16:37:19,031 DEBUG   done browsing 9 time and store to file XO_9
2015-04-26 16:37:21,056 DEBUG   done terminating mitmproxy
2015-04-26 16:37:23,062 DEBUG   start running mitmproxy
2015-04-26 16:37:23,062 DEBUG prepare to run mitmproxy mitmproxy -s ""./proxy-script.py http://www.wsj.com/ none ./logs XO_10 10""
2015-04-26 16:37:26,069 DEBUG successfully run mitmproxy with pid 13597 
2015-04-26 16:37:26,070 DEBUG   start browsing 10 time and store to file XO_10
2015-04-26 16:37:30,893 DEBUG   done browsing 10 time and store to file XO_10
2015-04-26 16:37:32,924 DEBUG   done terminating mitmproxy
2015-04-26 16:37:34,929 DEBUG   start running mitmproxy
2015-04-26 16:37:34,930 DEBUG prepare to run mitmproxy mitmproxy -s ""./proxy-script.py http://www.wsj.com/ none ./logs XO_11 10""
2015-04-26 16:37:37,939 DEBUG successfully run mitmproxy with pid 13602 
2015-04-26 16:37:37,940 DEBUG   start browsing 11 time and store to file XO_11
2015-04-26 16:37:42,910 DEBUG   done browsing 11 time and store to file XO_11
2015-04-26 16:37:44,953 DEBUG   done terminating mitmproxy
2015-04-26 16:37:46,956 DEBUG   start running mitmproxy
2015-04-26 16:37:46,956 DEBUG prepare to run mitmproxy mitmproxy -s ""./proxy-script.py http://www.wsj.com/ none ./logs XO_12 10""
2015-04-26 16:37:49,963 DEBUG successfully run mitmproxy with pid 13607 
2015-04-26 16:37:49,964 DEBUG   start browsing 12 time and store to file XO_12
2015-04-26 16:37:54,834 DEBUG   done browsing 12 time and store to file XO_12
2015-04-26 16:37:56,875 DEBUG   done terminating mitmproxy
2015-04-26 16:37:58,881 DEBUG   start running mitmproxy
2015-04-26 16:37:58,881 DEBUG prepare to run mitmproxy mitmproxy -s ""./proxy-script.py http://www.wsj.com/ none ./logs XO_13 10""
2015-04-26 16:38:01,888 DEBUG successfully run mitmproxy with pid 13613 
2015-04-26 16:38:01,889 DEBUG   start browsing 13 time and store to file XO_13
2015-04-26 16:38:06,816 DEBUG   done browsing 13 time and store to file XO_13
2015-04-26 16:38:08,844 DEBUG   done terminating mitmproxy
2015-04-26 16:38:10,849 DEBUG   start running mitmproxy
2015-04-26 16:38:10,850 DEBUG prepare to run mitmproxy mitmproxy -s ""./proxy-script.py http://www.wsj.com/ none ./logs XO_14 10""
2015-04-26 16:38:13,858 DEBUG successfully run mitmproxy with pid 13620 
2015-04-26 16:38:13,859 DEBUG   start browsing 14 time and store to file XO_14
2015-04-26 16:38:18,697 DEBUG   done browsing 14 time and store to file XO_14
2015-04-26 16:38:20,731 DEBUG   done terminating mitmproxy
2015-04-26 16:47:53,991 DEBUG repated visit http://www.cnn.cn/ for 15 times with proxy
2015-04-26 16:47:53,991 DEBUG Start visiting web page http://www.cnn.cn/ for 15 times...
2015-04-26 16:47:56,913 DEBUG   start running mitmproxy
2015-04-26 16:47:56,913 DEBUG prepare to run mitmproxy mitmproxy -s ""./proxy-script.py http://www.cnn.cn/ none ./logs CNN_0 10""
2015-04-26 16:47:59,922 DEBUG successfully run mitmproxy with pid 13836 
2015-04-26 16:47:59,923 DEBUG   start browsing 0 time and store to file CNN_0
2015-04-26 16:48:02,545 DEBUG   done browsing 0 time and store to file CNN_0
2015-04-26 16:48:04,587 DEBUG   done terminating mitmproxy
2015-04-26 16:48:06,593 DEBUG   start running mitmproxy
2015-04-26 16:48:06,593 DEBUG prepare to run mitmproxy mitmproxy -s ""./proxy-script.py http://www.cnn.cn/ none ./logs CNN_1 10""
2015-04-26 16:48:09,600 DEBUG successfully run mitmproxy with pid 13841 
2015-04-26 16:48:09,600 DEBUG   start browsing 1 time and store to file CNN_1
2015-04-26 16:48:11,958 DEBUG   done browsing 1 time and store to file CNN_1
2015-04-26 16:48:13,987 DEBUG   done terminating mitmproxy
2015-04-26 16:48:15,988 DEBUG   start running mitmproxy
2015-04-26 16:48:15,988 DEBUG prepare to run mitmproxy mitmproxy -s ""./proxy-script.py http://www.cnn.cn/ none ./logs CNN_2 10""
2015-04-26 16:48:18,994 DEBUG successfully run mitmproxy with pid 13846 
2015-04-26 16:48:18,995 DEBUG   start browsing 2 time and store to file CNN_2
2015-04-26 16:48:21,355 DEBUG   done browsing 2 time and store to file CNN_2
2015-04-26 16:48:23,394 DEBUG   done terminating mitmproxy
2015-04-26 16:48:25,394 DEBUG   start running mitmproxy
2015-04-26 16:48:25,395 DEBUG prepare to run mitmproxy mitmproxy -s ""./proxy-script.py http://www.cnn.cn/ none ./logs CNN_3 10""
2015-04-26 16:48:28,404 DEBUG successfully run mitmproxy with pid 13851 
2015-04-26 16:48:28,405 DEBUG   start browsing 3 time and store to file CNN_3
2015-04-26 16:48:30,775 DEBUG   done browsing 3 time and store to file CNN_3
2015-04-26 16:48:32,801 DEBUG   done terminating mitmproxy
2015-04-26 16:48:34,806 DEBUG   start running mitmproxy
2015-04-26 16:48:34,806 DEBUG prepare to run mitmproxy mitmproxy -s ""./proxy-script.py http://www.cnn.cn/ none ./logs CNN_4 10""
2015-04-26 16:48:37,812 DEBUG successfully run mitmproxy with pid 13856 
2015-04-26 16:48:37,812 DEBUG   start browsing 4 time and store to file CNN_4
2015-04-26 16:48:40,177 DEBUG   done browsing 4 time and store to file CNN_4
2015-04-26 16:48:42,238 DEBUG   done terminating mitmproxy
2015-04-26 16:48:44,243 DEBUG   start running mitmproxy
2015-04-26 16:48:44,244 DEBUG prepare to run mitmproxy mitmproxy -s ""./proxy-script.py http://www.cnn.cn/ none ./logs CNN_5 10""
2015-04-26 16:48:47,252 DEBUG successfully run mitmproxy with pid 13861 
2015-04-26 16:48:47,252 DEBUG   start browsing 5 time and store to file CNN_5
2015-04-26 16:48:49,626 DEBUG   done browsing 5 time and store to file CNN_5
2015-04-26 16:48:51,662 DEBUG   done terminating mitmproxy
2015-04-26 16:48:53,664 DEBUG   start running mitmproxy
2015-04-26 16:48:53,665 DEBUG prepare to run mitmproxy mitmproxy -s ""./proxy-script.py http://www.cnn.cn/ none ./logs CNN_6 10""
2015-04-26 16:48:56,672 DEBUG successfully run mitmproxy with pid 13866 
2015-04-26 16:48:56,672 DEBUG   start browsing 6 time and store to file CNN_6
2015-04-26 16:48:59,007 DEBUG   done browsing 6 time and store to file CNN_6
2015-04-26 16:49:01,036 DEBUG   done terminating mitmproxy
2015-04-26 16:49:03,040 DEBUG   start running mitmproxy
2015-04-26 16:49:03,040 DEBUG prepare to run mitmproxy mitmproxy -s ""./proxy-script.py http://www.cnn.cn/ none ./logs CNN_7 10""
2015-04-26 16:49:06,048 DEBUG successfully run mitmproxy with pid 13871 
2015-04-26 16:49:06,049 DEBUG   start browsing 7 time and store to file CNN_7
2015-04-26 16:49:08,380 DEBUG   done browsing 7 time and store to file CNN_7
2015-04-26 16:49:10,405 DEBUG   done terminating mitmproxy
2015-04-26 16:49:12,408 DEBUG   start running mitmproxy
2015-04-26 16:49:12,409 DEBUG prepare to run mitmproxy mitmproxy -s ""./proxy-script.py http://www.cnn.cn/ none ./logs CNN_8 10""
2015-04-26 16:49:15,416 DEBUG successfully run mitmproxy with pid 13876 
2015-04-26 16:49:15,416 DEBUG   start browsing 8 time and store to file CNN_8
2015-04-26 16:49:17,781 DEBUG   done browsing 8 time and store to file CNN_8
2015-04-26 16:49:19,812 DEBUG   done terminating mitmproxy
2015-04-26 16:49:21,814 DEBUG   start running mitmproxy
2015-04-26 16:49:21,815 DEBUG prepare to run mitmproxy mitmproxy -s ""./proxy-script.py http://www.cnn.cn/ none ./logs CNN_9 10""
2015-04-26 16:49:24,821 DEBUG successfully run mitmproxy with pid 13881 
2015-04-26 16:49:24,822 DEBUG   start browsing 9 time and store to file CNN_9
2015-04-26 16:49:27,159 DEBUG   done browsing 9 time and store to file CNN_9
2015-04-26 16:49:29,199 DEBUG   done terminating mitmproxy
2015-04-26 16:49:31,204 DEBUG   start running mitmproxy
2015-04-26 16:49:31,205 DEBUG prepare to run mitmproxy mitmproxy -s ""./proxy-script.py http://www.cnn.cn/ none ./logs CNN_10 10""
2015-04-26 16:49:34,214 DEBUG successfully run mitmproxy with pid 13886 
2015-04-26 16:49:34,215 DEBUG   start browsing 10 time and store to file CNN_10
2015-04-26 16:49:36,581 DEBUG   done browsing 10 time and store to file CNN_10
2015-04-26 16:49:38,641 DEBUG   done terminating mitmproxy
2015-04-26 16:49:40,644 DEBUG   start running mitmproxy
2015-04-26 16:49:40,645 DEBUG prepare to run mitmproxy mitmproxy -s ""./proxy-script.py http://www.cnn.cn/ none ./logs CNN_11 10""
2015-04-26 16:49:43,650 DEBUG successfully run mitmproxy with pid 13891 
2015-04-26 16:49:43,650 DEBUG   start browsing 11 time and store to file CNN_11
2015-04-26 16:49:45,994 DEBUG   done browsing 11 time and store to file CNN_11
2015-04-26 16:49:48,038 DEBUG   done terminating mitmproxy
2015-04-26 16:49:50,043 DEBUG   start running mitmproxy
2015-04-26 16:49:50,043 DEBUG prepare to run mitmproxy mitmproxy -s ""./proxy-script.py http://www.cnn.cn/ none ./logs CNN_12 10""
2015-04-26 16:49:53,049 DEBUG successfully run mitmproxy with pid 13894 
2015-04-26 16:49:53,050 DEBUG   start browsing 12 time and store to file CNN_12
2015-04-26 16:49:55,407 DEBUG   done browsing 12 time and store to file CNN_12
2015-04-26 16:49:57,443 DEBUG   done terminating mitmproxy
2015-04-26 16:49:59,445 DEBUG   start running mitmproxy
2015-04-26 16:49:59,445 DEBUG prepare to run mitmproxy mitmproxy -s ""./proxy-script.py http://www.cnn.cn/ none ./logs CNN_13 10""
2015-04-26 16:50:02,452 DEBUG successfully run mitmproxy with pid 13902 
2015-04-26 16:50:02,452 DEBUG   start browsing 13 time and store to file CNN_13
2015-04-26 16:50:04,868 DEBUG   done browsing 13 time and store to file CNN_13
2015-04-26 16:50:06,903 DEBUG   done terminating mitmproxy
2015-04-26 16:50:08,907 DEBUG   start running mitmproxy
2015-04-26 16:50:08,908 DEBUG prepare to run mitmproxy mitmproxy -s ""./proxy-script.py http://www.cnn.cn/ none ./logs CNN_14 10""
2015-04-26 16:50:11,914 DEBUG successfully run mitmproxy with pid 13909 
2015-04-26 16:50:11,914 DEBUG   start browsing 14 time and store to file CNN_14
2015-04-26 16:50:14,299 DEBUG   done browsing 14 time and store to file CNN_14
2015-04-26 16:50:16,325 DEBUG   done terminating mitmproxy
2015-04-26 16:52:49,950 DEBUG repated visit http://www.wsj.com for 15 times with proxy
2015-04-26 16:52:49,950 DEBUG Start visiting web page http://www.wsj.com for 15 times...
2015-04-26 16:52:52,863 DEBUG   start running mitmproxy
2015-04-26 16:52:52,864 DEBUG prepare to run mitmproxy mitmproxy -s ""./proxy-script.py http://www.wsj.com none ./logs WSJ_0 10""
2015-04-26 16:52:55,873 DEBUG successfully run mitmproxy with pid 13971 
2015-04-26 16:52:55,873 DEBUG   start browsing 0 time and store to file WSJ_0
2015-04-26 16:53:01,434 DEBUG   done browsing 0 time and store to file WSJ_0
2015-04-26 16:53:03,522 DEBUG   done terminating mitmproxy
2015-04-26 16:53:05,524 DEBUG   start running mitmproxy
2015-04-26 16:53:05,525 DEBUG prepare to run mitmproxy mitmproxy -s ""./proxy-script.py http://www.wsj.com none ./logs WSJ_1 10""
2015-04-26 16:53:08,537 DEBUG successfully run mitmproxy with pid 13977 
2015-04-26 16:53:08,540 DEBUG   start browsing 1 time and store to file WSJ_1
2015-04-26 16:53:13,533 DEBUG   done browsing 1 time and store to file WSJ_1
2015-04-26 16:53:15,571 DEBUG   done terminating mitmproxy
2015-04-26 16:53:17,577 DEBUG   start running mitmproxy
2015-04-26 16:53:17,577 DEBUG prepare to run mitmproxy mitmproxy -s ""./proxy-script.py http://www.wsj.com none ./logs WSJ_2 10""
2015-04-26 16:53:20,589 DEBUG successfully run mitmproxy with pid 13983 
2015-04-26 16:53:20,589 DEBUG   start browsing 2 time and store to file WSJ_2
2015-04-26 16:53:25,482 DEBUG   done browsing 2 time and store to file WSJ_2
2015-04-26 16:53:27,514 DEBUG   done terminating mitmproxy
2015-04-26 16:53:29,520 DEBUG   start running mitmproxy
2015-04-26 16:53:29,520 DEBUG prepare to run mitmproxy mitmproxy -s ""./proxy-script.py http://www.wsj.com none ./logs WSJ_3 10""
2015-04-26 16:53:32,529 DEBUG successfully run mitmproxy with pid 13990 
2015-04-26 16:53:32,530 DEBUG   start browsing 3 time and store to file WSJ_3
2015-04-26 16:53:37,312 DEBUG   done browsing 3 time and store to file WSJ_3
2015-04-26 16:53:39,356 DEBUG   done terminating mitmproxy
2015-04-26 16:53:41,359 DEBUG   start running mitmproxy
2015-04-26 16:53:41,359 DEBUG prepare to run mitmproxy mitmproxy -s ""./proxy-script.py http://www.wsj.com none ./logs WSJ_4 10""
2015-04-26 16:53:44,369 DEBUG successfully run mitmproxy with pid 13997 
2015-04-26 16:53:44,369 DEBUG   start browsing 4 time and store to file WSJ_4
2015-04-26 16:53:49,233 DEBUG   done browsing 4 time and store to file WSJ_4
2015-04-26 16:53:51,265 DEBUG   done terminating mitmproxy
2015-04-26 16:53:53,266 DEBUG   start running mitmproxy
2015-04-26 16:53:53,267 DEBUG prepare to run mitmproxy mitmproxy -s ""./proxy-script.py http://www.wsj.com none ./logs WSJ_5 10""
2015-04-26 16:53:56,276 DEBUG successfully run mitmproxy with pid 14006 
2015-04-26 16:53:56,276 DEBUG   start browsing 5 time and store to file WSJ_5
2015-04-26 16:54:01,059 DEBUG   done browsing 5 time and store to file WSJ_5
2015-04-26 16:54:03,097 DEBUG   done terminating mitmproxy
2015-04-26 16:54:05,102 DEBUG   start running mitmproxy
2015-04-26 16:54:05,102 DEBUG prepare to run mitmproxy mitmproxy -s ""./proxy-script.py http://www.wsj.com none ./logs WSJ_6 10""
2015-04-26 16:54:08,112 DEBUG successfully run mitmproxy with pid 14019 
2015-04-26 16:54:08,112 DEBUG   start browsing 6 time and store to file WSJ_6
2015-04-26 16:54:12,959 DEBUG   done browsing 6 time and store to file WSJ_6
2015-04-26 16:54:14,983 DEBUG   done terminating mitmproxy
2015-04-26 16:54:16,987 DEBUG   start running mitmproxy
2015-04-26 16:54:16,988 DEBUG prepare to run mitmproxy mitmproxy -s ""./proxy-script.py http://www.wsj.com none ./logs WSJ_7 10""
2015-04-26 16:54:19,996 DEBUG successfully run mitmproxy with pid 14025 
2015-04-26 16:54:19,997 DEBUG   start browsing 7 time and store to file WSJ_7
2015-04-26 16:54:24,816 DEBUG   done browsing 7 time and store to file WSJ_7
2015-04-26 16:54:26,856 DEBUG   done terminating mitmproxy
2015-04-26 16:54:28,861 DEBUG   start running mitmproxy
2015-04-26 16:54:28,862 DEBUG prepare to run mitmproxy mitmproxy -s ""./proxy-script.py http://www.wsj.com none ./logs WSJ_8 10""
2015-04-26 16:54:31,871 DEBUG successfully run mitmproxy with pid 14030 
2015-04-26 16:54:31,872 DEBUG   start browsing 8 time and store to file WSJ_8
2015-04-26 16:54:36,533 DEBUG   done browsing 8 time and store to file WSJ_8
2015-04-26 16:54:38,592 DEBUG   done terminating mitmproxy
2015-04-26 16:54:40,596 DEBUG   start running mitmproxy
2015-04-26 16:54:40,596 DEBUG prepare to run mitmproxy mitmproxy -s ""./proxy-script.py http://www.wsj.com none ./logs WSJ_9 10""
2015-04-26 16:54:43,603 DEBUG successfully run mitmproxy with pid 14036 
2015-04-26 16:54:43,604 DEBUG   start browsing 9 time and store to file WSJ_9
2015-04-26 16:54:48,425 DEBUG   done browsing 9 time and store to file WSJ_9
2015-04-26 16:54:50,461 DEBUG   done terminating mitmproxy
2015-04-26 16:54:52,465 DEBUG   start running mitmproxy
2015-04-26 16:54:52,466 DEBUG prepare to run mitmproxy mitmproxy -s ""./proxy-script.py http://www.wsj.com none ./logs WSJ_10 10""
2015-04-26 16:54:55,475 DEBUG successfully run mitmproxy with pid 14043 
2015-04-26 16:54:55,475 DEBUG   start browsing 10 time and store to file WSJ_10
2015-04-26 16:55:00,258 DEBUG   done browsing 10 time and store to file WSJ_10
2015-04-26 16:55:02,295 DEBUG   done terminating mitmproxy
2015-04-26 16:55:04,296 DEBUG   start running mitmproxy
2015-04-26 16:55:04,296 DEBUG prepare to run mitmproxy mitmproxy -s ""./proxy-script.py http://www.wsj.com none ./logs WSJ_11 10""
2015-04-26 16:55:07,301 DEBUG successfully run mitmproxy with pid 14048 
2015-04-26 16:55:07,302 DEBUG   start browsing 11 time and store to file WSJ_11
2015-04-26 16:55:12,246 DEBUG   done browsing 11 time and store to file WSJ_11
2015-04-26 16:55:14,282 DEBUG   done terminating mitmproxy
2015-04-26 16:55:16,287 DEBUG   start running mitmproxy
2015-04-26 16:55:16,288 DEBUG prepare to run mitmproxy mitmproxy -s ""./proxy-script.py http://www.wsj.com none ./logs WSJ_12 10""
2015-04-26 16:55:19,295 DEBUG successfully run mitmproxy with pid 14053 
2015-04-26 16:55:19,297 DEBUG   start browsing 12 time and store to file WSJ_12
2015-04-26 16:55:24,054 DEBUG   done browsing 12 time and store to file WSJ_12
2015-04-26 16:55:26,094 DEBUG   done terminating mitmproxy
2015-04-26 16:55:28,100 DEBUG   start running mitmproxy
2015-04-26 16:55:28,100 DEBUG prepare to run mitmproxy mitmproxy -s ""./proxy-script.py http://www.wsj.com none ./logs WSJ_13 10""
2015-04-26 16:55:31,105 DEBUG successfully run mitmproxy with pid 14058 
2015-04-26 16:55:31,105 DEBUG   start browsing 13 time and store to file WSJ_13
2015-04-26 16:55:35,952 DEBUG   done browsing 13 time and store to file WSJ_13
2015-04-26 16:55:37,990 DEBUG   done terminating mitmproxy
2015-04-26 16:55:39,994 DEBUG   start running mitmproxy
2015-04-26 16:55:39,995 DEBUG prepare to run mitmproxy mitmproxy -s ""./proxy-script.py http://www.wsj.com none ./logs WSJ_14 10""
2015-04-26 16:55:43,002 DEBUG successfully run mitmproxy with pid 14064 
2015-04-26 16:55:43,003 DEBUG   start browsing 14 time and store to file WSJ_14
2015-04-26 16:55:47,867 DEBUG   done browsing 14 time and store to file WSJ_14
2015-04-26 16:55:49,901 DEBUG   done terminating mitmproxy
2015-04-26 17:04:16,303 DEBUG repated visit http://www.wsj.com for 15 times without proxy
2015-04-26 17:04:16,303 DEBUG Start visiting web page http://www.wsj.com for 15 times...
2015-04-26 17:04:24,938 DEBUG   done browsing 0 time and store to file WSJ_0
2015-04-26 17:04:32,248 DEBUG   done browsing 1 time and store to file WSJ_1
2015-04-26 17:04:40,647 DEBUG   done browsing 2 time and store to file WSJ_2
2015-04-26 17:04:47,914 DEBUG   done browsing 3 time and store to file WSJ_3
2015-04-26 17:04:55,239 DEBUG   done browsing 4 time and store to file WSJ_4
2015-04-26 17:05:02,513 DEBUG   done browsing 5 time and store to file WSJ_5
2015-04-26 17:05:09,718 DEBUG   done browsing 6 time and store to file WSJ_6
2015-04-26 17:05:17,051 DEBUG   done browsing 7 time and store to file WSJ_7
2015-04-26 17:05:24,363 DEBUG   done browsing 8 time and store to file WSJ_8
2015-04-26 17:05:31,691 DEBUG   done browsing 9 time and store to file WSJ_9
2015-04-26 17:05:38,864 DEBUG   done browsing 10 time and store to file WSJ_10
2015-04-26 17:05:46,375 DEBUG   done browsing 11 time and store to file WSJ_11
2015-04-26 17:05:53,576 DEBUG   done browsing 12 time and store to file WSJ_12
2015-04-26 17:06:01,493 DEBUG   done browsing 13 time and store to file WSJ_13
2015-04-26 17:06:08,831 DEBUG   done browsing 14 time and store to file WSJ_14
2015-04-26 17:59:07,655 DEBUG repated visit http://www.wsj.com for 1 times with proxy
2015-04-26 17:59:07,655 DEBUG Start visiting web page http://www.wsj.com for 1 times...
2015-04-26 17:59:10,718 DEBUG   start running mitmproxy
2015-04-26 17:59:10,718 DEBUG prepare to run mitmproxy mitmproxy -s ""./proxy-script.py http://www.wsj.com none ./logs WSJ_0 10""
2015-04-26 17:59:13,726 DEBUG successfully run mitmproxy with pid 15214 
2015-04-26 17:59:13,727 DEBUG   start browsing 0 time and store to file WSJ_0
2015-04-26 17:59:19,593 DEBUG   done browsing 0 time and store to file WSJ_0
2015-04-26 17:59:21,635 DEBUG   done terminating mitmproxy
2015-04-26 19:50:59,497 DEBUG repated visit http://www.wsj.com for 15 times with proxy
2015-04-26 19:50:59,498 DEBUG Start visiting web page http://www.wsj.com for 15 times...
2015-04-26 19:51:02,318 DEBUG   start running mitmproxy
2015-04-26 19:51:02,318 DEBUG prepare to run mitmproxy mitmproxy -s ""./proxy-script.py http://www.wsj.com none ./logs WSJ_0 10""
2015-04-26 19:51:05,327 DEBUG successfully run mitmproxy with pid 15626 
2015-04-26 19:51:05,327 DEBUG   start browsing 0 time and store to file WSJ_0
2015-04-26 19:51:13,530 DEBUG   done browsing 0 time and store to file WSJ_0
2015-04-26 19:51:15,666 DEBUG   done terminating mitmproxy
2015-04-26 19:51:17,671 DEBUG   start running mitmproxy
2015-04-26 19:51:17,672 DEBUG prepare to run mitmproxy mitmproxy -s ""./proxy-script.py http://www.wsj.com none ./logs WSJ_1 10""
2015-04-26 19:51:20,679 DEBUG successfully run mitmproxy with pid 15635 
2015-04-26 19:51:20,680 DEBUG   start browsing 1 time and store to file WSJ_1
2015-04-26 19:51:27,214 DEBUG   done browsing 1 time and store to file WSJ_1
2015-04-26 19:51:29,325 DEBUG   done terminating mitmproxy
2015-04-26 19:51:31,326 DEBUG   start running mitmproxy
2015-04-26 19:51:31,326 DEBUG prepare to run mitmproxy mitmproxy -s ""./proxy-script.py http://www.wsj.com none ./logs WSJ_2 10""
2015-04-26 19:51:34,335 DEBUG successfully run mitmproxy with pid 15640 
2015-04-26 19:51:34,336 DEBUG   start browsing 2 time and store to file WSJ_2
2015-04-26 19:51:40,616 DEBUG   done browsing 2 time and store to file WSJ_2
2015-04-26 19:51:42,709 DEBUG   done terminating mitmproxy
2015-04-26 19:51:44,714 DEBUG   start running mitmproxy
2015-04-26 19:51:44,715 DEBUG prepare to run mitmproxy mitmproxy -s ""./proxy-script.py http://www.wsj.com none ./logs WSJ_3 10""
2015-04-26 19:51:47,722 DEBUG successfully run mitmproxy with pid 15648 
2015-04-26 19:51:47,722 DEBUG   start browsing 3 time and store to file WSJ_3
2015-04-26 19:51:54,461 DEBUG   done browsing 3 time and store to file WSJ_3
2015-04-26 19:51:56,560 DEBUG   done terminating mitmproxy
2015-04-26 19:51:58,564 DEBUG   start running mitmproxy
2015-04-26 19:51:58,565 DEBUG prepare to run mitmproxy mitmproxy -s ""./proxy-script.py http://www.wsj.com none ./logs WSJ_4 10""
2015-04-26 19:52:01,569 DEBUG successfully run mitmproxy with pid 15653 
2015-04-26 19:52:01,570 DEBUG   start browsing 4 time and store to file WSJ_4
2015-04-26 19:52:08,491 DEBUG   done browsing 4 time and store to file WSJ_4
2015-04-26 19:52:10,581 DEBUG   done terminating mitmproxy
2015-04-26 19:52:12,583 DEBUG   start running mitmproxy
2015-04-26 19:52:12,584 DEBUG prepare to run mitmproxy mitmproxy -s ""./proxy-script.py http://www.wsj.com none ./logs WSJ_5 10""
2015-04-26 19:52:15,593 DEBUG successfully run mitmproxy with pid 15658 
2015-04-26 19:52:15,594 DEBUG   start browsing 5 time and store to file WSJ_5
2015-04-26 19:52:22,032 DEBUG   done browsing 5 time and store to file WSJ_5
2015-04-26 19:52:24,077 DEBUG   done terminating mitmproxy
2015-04-26 19:52:26,083 DEBUG   start running mitmproxy
2015-04-26 19:52:26,083 DEBUG prepare to run mitmproxy mitmproxy -s ""./proxy-script.py http://www.wsj.com none ./logs WSJ_6 10""
2015-04-26 19:52:29,093 DEBUG successfully run mitmproxy with pid 15666 
2015-04-26 19:52:29,093 DEBUG   start browsing 6 time and store to file WSJ_6
2015-04-26 19:52:35,362 DEBUG   done browsing 6 time and store to file WSJ_6
2015-04-26 19:52:37,430 DEBUG   done terminating mitmproxy
2015-04-26 19:52:39,435 DEBUG   start running mitmproxy
2015-04-26 19:52:39,436 DEBUG prepare to run mitmproxy mitmproxy -s ""./proxy-script.py http://www.wsj.com none ./logs WSJ_7 10""
2015-04-26 19:52:42,444 DEBUG successfully run mitmproxy with pid 15671 
2015-04-26 19:52:42,444 DEBUG   start browsing 7 time and store to file WSJ_7
2015-04-26 19:52:48,655 DEBUG   done browsing 7 time and store to file WSJ_7
2015-04-26 19:52:50,719 DEBUG   done terminating mitmproxy
2015-04-26 19:52:52,723 DEBUG   start running mitmproxy
2015-04-26 19:52:52,724 DEBUG prepare to run mitmproxy mitmproxy -s ""./proxy-script.py http://www.wsj.com none ./logs WSJ_8 10""
2015-04-26 19:52:55,729 DEBUG successfully run mitmproxy with pid 15676 
2015-04-26 19:52:55,730 DEBUG   start browsing 8 time and store to file WSJ_8
2015-04-26 19:53:02,002 DEBUG   done browsing 8 time and store to file WSJ_8
2015-04-26 19:53:04,079 DEBUG   done terminating mitmproxy
2015-04-26 19:53:06,084 DEBUG   start running mitmproxy
2015-04-26 19:53:06,085 DEBUG prepare to run mitmproxy mitmproxy -s ""./proxy-script.py http://www.wsj.com none ./logs WSJ_9 10""
2015-04-26 19:53:09,094 DEBUG successfully run mitmproxy with pid 15684 
2015-04-26 19:53:09,095 DEBUG   start browsing 9 time and store to file WSJ_9
2015-04-26 19:53:15,373 DEBUG   done browsing 9 time and store to file WSJ_9
2015-04-26 19:53:17,455 DEBUG   done terminating mitmproxy
2015-04-26 19:53:19,457 DEBUG   start running mitmproxy
2015-04-26 19:53:19,457 DEBUG prepare to run mitmproxy mitmproxy -s ""./proxy-script.py http://www.wsj.com none ./logs WSJ_10 10""
2015-04-26 19:53:22,462 DEBUG successfully run mitmproxy with pid 15689 
2015-04-26 19:53:22,463 DEBUG   start browsing 10 time and store to file WSJ_10
2015-04-26 19:53:28,665 DEBUG   done browsing 10 time and store to file WSJ_10
2015-04-26 19:53:30,768 DEBUG   done terminating mitmproxy
2015-04-26 19:53:32,773 DEBUG   start running mitmproxy
2015-04-26 19:53:32,774 DEBUG prepare to run mitmproxy mitmproxy -s ""./proxy-script.py http://www.wsj.com none ./logs WSJ_11 10""
2015-04-26 19:53:35,778 DEBUG successfully run mitmproxy with pid 15694 
2015-04-26 19:53:35,779 DEBUG   start browsing 11 time and store to file WSJ_11
2015-04-26 19:53:42,029 DEBUG   done browsing 11 time and store to file WSJ_11
2015-04-26 19:53:44,148 DEBUG   done terminating mitmproxy
2015-04-26 19:53:46,154 DEBUG   start running mitmproxy
2015-04-26 19:53:46,154 DEBUG prepare to run mitmproxy mitmproxy -s ""./proxy-script.py http://www.wsj.com none ./logs WSJ_12 10""
2015-04-26 19:53:49,161 DEBUG successfully run mitmproxy with pid 15703 
2015-04-26 19:53:49,162 DEBUG   start browsing 12 time and store to file WSJ_12
2015-04-26 19:53:55,411 DEBUG   done browsing 12 time and store to file WSJ_12
2015-04-26 19:53:57,500 DEBUG   done terminating mitmproxy
2015-04-26 19:53:59,505 DEBUG   start running mitmproxy
2015-04-26 19:53:59,506 DEBUG prepare to run mitmproxy mitmproxy -s ""./proxy-script.py http://www.wsj.com none ./logs WSJ_13 10""
2015-04-26 19:54:02,514 DEBUG successfully run mitmproxy with pid 15708 
2015-04-26 19:54:02,515 DEBUG   start browsing 13 time and store to file WSJ_13
2015-04-26 19:54:09,063 DEBUG   done browsing 13 time and store to file WSJ_13
2015-04-26 19:54:11,147 DEBUG   done terminating mitmproxy
2015-04-26 19:54:13,152 DEBUG   start running mitmproxy
2015-04-26 19:54:13,153 DEBUG prepare to run mitmproxy mitmproxy -s ""./proxy-script.py http://www.wsj.com none ./logs WSJ_14 10""
2015-04-26 19:54:16,160 DEBUG successfully run mitmproxy with pid 15713 
2015-04-26 19:54:16,161 DEBUG   start browsing 14 time and store to file WSJ_14
2015-04-26 19:54:22,534 DEBUG   done browsing 14 time and store to file WSJ_14
2015-04-26 19:54:24,615 DEBUG   done terminating mitmproxy
2015-04-28 20:06:36,058 DEBUG repated visit http://www.wsj.com for 15 times with proxy
2015-04-28 20:06:36,059 DEBUG Start visiting web page http://www.wsj.com for 15 times...
2015-04-28 20:06:38,919 DEBUG   start running mitmproxy
2015-04-28 20:06:38,920 DEBUG prepare to run mitmproxy mitmproxy -s ""./proxy-script.py http://www.wsj.com none ./logs WSJ_0 10""
2015-04-28 20:06:41,928 DEBUG successfully run mitmproxy with pid 11230 
2015-04-28 20:06:41,928 DEBUG   start browsing 0 time and store to file WSJ_0
2015-04-28 20:06:53,351 DEBUG   done browsing 0 time and store to file WSJ_0
2015-04-28 20:06:55,442 DEBUG   done terminating mitmproxy
2015-04-28 20:06:57,447 DEBUG   start running mitmproxy
2015-04-28 20:06:57,448 DEBUG prepare to run mitmproxy mitmproxy -s ""./proxy-script.py http://www.wsj.com none ./logs WSJ_1 10""
2015-04-28 20:07:00,455 DEBUG successfully run mitmproxy with pid 11240 
2015-04-28 20:07:00,456 DEBUG   start browsing 1 time and store to file WSJ_1
2015-04-28 20:07:10,376 DEBUG   done browsing 1 time and store to file WSJ_1
2015-04-28 20:07:12,450 DEBUG   done terminating mitmproxy
2015-04-28 20:07:14,454 DEBUG   start running mitmproxy
2015-04-28 20:07:14,455 DEBUG prepare to run mitmproxy mitmproxy -s ""./proxy-script.py http://www.wsj.com none ./logs WSJ_2 10""
2015-04-28 20:07:17,463 DEBUG successfully run mitmproxy with pid 11248 
2015-04-28 20:07:17,463 DEBUG   start browsing 2 time and store to file WSJ_2
2015-04-28 20:07:24,999 DEBUG   done browsing 2 time and store to file WSJ_2
2015-04-28 20:07:27,077 DEBUG   done terminating mitmproxy
2015-04-28 20:07:29,083 DEBUG   start running mitmproxy
2015-04-28 20:07:29,083 DEBUG prepare to run mitmproxy mitmproxy -s ""./proxy-script.py http://www.wsj.com none ./logs WSJ_3 10""
2015-04-28 20:07:32,092 DEBUG successfully run mitmproxy with pid 11253 
2015-04-28 20:07:32,092 DEBUG   start browsing 3 time and store to file WSJ_3
2015-04-28 20:07:40,334 DEBUG   done browsing 3 time and store to file WSJ_3
2015-04-28 20:07:42,418 DEBUG   done terminating mitmproxy
2015-04-28 20:07:44,419 DEBUG   start running mitmproxy
2015-04-28 20:07:44,420 DEBUG prepare to run mitmproxy mitmproxy -s ""./proxy-script.py http://www.wsj.com none ./logs WSJ_4 10""
2015-04-28 20:07:47,425 DEBUG successfully run mitmproxy with pid 11261 
2015-04-28 20:07:47,426 DEBUG   start browsing 4 time and store to file WSJ_4
2015-04-28 20:07:56,040 DEBUG   done browsing 4 time and store to file WSJ_4
2015-04-28 20:07:58,119 DEBUG   done terminating mitmproxy
2015-04-28 20:08:00,125 DEBUG   start running mitmproxy
2015-04-28 20:08:00,125 DEBUG prepare to run mitmproxy mitmproxy -s ""./proxy-script.py http://www.wsj.com none ./logs WSJ_5 10""
2015-04-28 20:08:03,131 DEBUG successfully run mitmproxy with pid 11267 
2015-04-28 20:08:03,132 DEBUG   start browsing 5 time and store to file WSJ_5
2015-04-28 20:08:11,672 DEBUG   done browsing 5 time and store to file WSJ_5
2015-04-28 20:08:13,746 DEBUG   done terminating mitmproxy
2015-04-28 20:08:15,751 DEBUG   start running mitmproxy
2015-04-28 20:08:15,752 DEBUG prepare to run mitmproxy mitmproxy -s ""./proxy-script.py http://www.wsj.com none ./logs WSJ_6 10""
2015-04-28 20:08:18,757 DEBUG successfully run mitmproxy with pid 11275 
2015-04-28 20:08:18,758 DEBUG   start browsing 6 time and store to file WSJ_6
2015-04-28 20:08:26,386 DEBUG   done browsing 6 time and store to file WSJ_6
2015-04-28 20:08:28,460 DEBUG   done terminating mitmproxy
