cnn.com 82543
www.cnn.com 82527
www.i.cdn.cnn.com 90136
z.cdn.turner.com 90050
cdn.clicktale.net 90028
www.i.cdn.cnn.com 90021
widgets.outbrain.com 90328
z.cdn.turner.com 90282
www.i.cdn.cnn.com 90028
cdn.optimizely.com 90021
www.i.cdn.cnn.com 90017
z.cdn.turner.com 90250
fast.fonts.net 90030
www.i.cdn.cnn.com 90221
cdn.clicktale.net 90050
www.i.cdn.cnn.com 90049
www.i.cdn.cnn.com 89189
www.i.cdn.cnn.com 89108
a.postrelease.com 88901
www.i.cdn.cnn.com 88869
www.i.cdn.cnn.com 88867
www.i.cdn.cnn.com 89105
www.i.cdn.cnn.com 88890
www.i.cdn.cnn.com 89122
www.i.cdn.cnn.com 88875
cdn.krxd.net 108214
www.googletagservices.com 108214
i.cdn.turner.com 115053
i.cdn.turner.com 115053
i.cdn.turner.com 115053
i.cdn.turner.com 114761
www.i.cdn.cnn.com 114653
cdn3.optimizely.com 114641
www.i.cdn.cnn.com 117500
i.cdn.turner.com 117491
i.cdn.turner.com 124832
131788053.log.optimizely.com 124854
i.cdn.turner.com 124856
i.cdn.turner.com 124811
i.cdn.turner.com 130960
www.i.cdn.cnn.com 161916
www.i.cdn.cnn.com 161840
www.i.cdn.cnn.com 161846
www.i.cdn.cnn.com 161809
www.i.cdn.cnn.com 159384
www.i.cdn.cnn.com 159465
cdn.clicktale.net 161891
z.cdn.turner.com 161646
tpc.googlesyndication.com 161643
cdn.clicktale.net 162452
www.cnn.com 162422
adserve.postrelease.com 162419
z.cdn.turner.com 162410
data.cnn.com 162391
widgets.outbrain.com 162378
metrics.cnn.com 162375
131788053.log.optimizely.com 162404
w.usabilla.com 162105
i2.cdn.turner.com 162077
a.visualrevenue.com 162149
secure-us.imrworldwide.com 162093
cdn.krxd.net 161766
i2.cdn.turner.com 162415
b.grvcdn.com 161967
i2.cdn.turner.com 589910
cdn.livefyre.com 589993
hpr.outbrain.com 590017
www.cnn.com 590135
connect.facebook.net 589813
www.googletagservices.com 592198
consent.truste.com 592203
cdn.livefyre.com 592198
hpr.outbrain.com 592203
jadserve.postrelease.com 592228
www.cnn.com 592326
b.scorecardresearch.com 592343
jadserve.postrelease.com 592971
jadserve.postrelease.com 592963
jadserve.postrelease.com 592955
jadserve.postrelease.com 592963
vrp.outbrain.com 592955
rma-api.gravity.com 593127
jadserve.postrelease.com 593080
jadserve.postrelease.com 593112
vrt.outbrain.com 593078
jadserve.postrelease.com 593112
partner.googleadservices.com 593078
jadserve.postrelease.com 593127
jadserve.postrelease.com 601462
jadserve.postrelease.com 600537
jadserve.postrelease.com 600514
jadserve.postrelease.com 600553
jadserve.postrelease.com 600847
i.cdn.turner.com 600871
images.outbrain.com 600847
hpr.outbrain.com 600860
z.cdn.turner.com 600826
z.cdn.turner.com 600513
widgets.outbrain.com 600494
z.cdn.turner.com 600513
images.outbrain.com 601053
static.ak.facebook.com 600513
images.outbrain.com 600494
z.cdn.turner.com 600989
widgets.outbrain.com 600504
storage.outbrain.com 600556
pubads.g.doubleclick.net 600549
cdn.gigya.com 600556
log.outbrain.com 601746
widgets.outbrain.com 600575
www.cnn.com 600559
b.scorecardresearch.com 600575
log.outbrain.com 601012
pagead2.googlesyndication.com 601135
ad.doubleclick.net 601240
pagead2.googlesyndication.com 601253
z.cdn.turner.com 601330
cdn1.gigya.com 600258
connect.facebook.net 600286
z.cdn.turner.com 600165
b.scorecardresearch.com 600188
js.moatads.com 600160
cdn.gigya.com 600146
z.cdn.turner.com 600406
pagead2.googlesyndication.com 600798
cdn3.gigya.com 601066
s.moatads.com 601572
ads.rubiconproject.com 601066
z.cdn.turner.com 601077
cdn3.gigya.com 601711
cdn.gigya.com 601077
gscounters.us1.gigya.com 601065
cdn1.gigya.com 601075
optimized-by.rubiconproject.com 600847
optimized-by.rubiconproject.com 600836
optimized-by.rubiconproject.com 601276
s0.2mdn.net 601653
pubads.g.doubleclick.net 600639
tpc.googlesyndication.com 600652
pubads.g.doubleclick.net 600878
b.scorecardresearch.com 601300
optimized-by.rubiconproject.com 601574
pubads.g.doubleclick.net 600663
b.scorecardresearch.com 601302
optimized-by.rubiconproject.com 600908
b.scorecardresearch.com 601653
pubads.g.doubleclick.net 601277
pubads.g.doubleclick.net 601270
s.moatads.com 600884
b.scorecardresearch.com 600333
pubads.g.doubleclick.net 600357
uac.advertising.com 600369
b.scorecardresearch.com 600698
pubads.g.doubleclick.net 600838
pubads.g.doubleclick.net 601535
r1.ace.advertising.com 600573
pagead2.googlesyndication.com 601036
r1.ace.advertising.com 601300
r1.ace.advertising.com 601457
cm.g.doubleclick.net 600743
tpc.googlesyndication.com 600734
js.moatads.com 600698
pubads.g.doubleclick.net 601187
pubads.g.doubleclick.net 601280
leadback.advertising.com 601325
s0.2mdn.net 601258
pagead2.googlesyndication.com 600745
magnetic.t.domdex.com 601499
moat.pxl.ace.advertising.com 601505
cmap.uac.ace.advertising.com 601183
uac.advertising.com 601178
cm.g.doubleclick.net 600665
pixel.rubiconproject.com 600884
cm.g.doubleclick.net 601010
r.casalemedia.com 601292
sync.adaptv.advertising.com 601502
ads.yahoo.com 601501
pubads.g.doubleclick.net 600575
ib.adnxs.com 600546
pagead2.googlesyndication.com 601309
b.scorecardresearch.com 600557
image2.pubmatic.com 600557
b.scorecardresearch.com 600250
ums.adtechus.com 600250
us-u.openx.net 600250
tacoda.at.atwola.com 600250
pagead2.googlesyndication.com 600250
ib.adnxs.com 600250
pagead2.googlesyndication.com 600250
r.casalemedia.com 600250
tacoda.at.atwola.com 600250
cmap.dc.ace.advertising.com 600250
cdn.krxd.net 600250
static.chartbeat.com 600250
googleads.g.doubleclick.net 616402
ums.adtechus.com 624205
z.cdn.turner.com 616402
t.co 616402
beacon.krxd.net 616402
t.co 616402
www.cnn.com 616402
www.cnn.com 616402
beacon.krxd.net 616402
leadback.advertising.com 616402
data.cnn.com 616402
t.co 616402
us-u.openx.net 616402
www.cnn.com 616402
cmap.at.ace.advertising.com 616402
cmap.an.ace.advertising.com 616769
z.cdn.turner.com 616769
ping.chartbeat.net 616769
